#
# A fatal error has been detected by the Java Runtime Environment:
#
#  EXCEPTION_ACCESS_VIOLATION (0xc0000005) at pc=0x000007fef3d9d885, pid=19040, tid=0x0000000000000b18
#
# JRE version: Java(TM) SE Runtime Environment (8.0_92-b14) (build 1.8.0_92-b14)
# Java VM: Java HotSpot(TM) 64-Bit Server VM (25.92-b14 mixed mode windows-amd64 compressed oops)
# Problematic frame:
# C  [vulkan-1.dll+0xd885]
#
# Failed to write core dump. Minidumps are not enabled by default on client versions of Windows
#
# If you would like to submit a bug report, please visit:
#   http://bugreport.java.com/bugreport/crash.jsp
# The crash happened outside the Java Virtual Machine in native code.
# See problematic frame for where to report the bug.
#

---------------  T H R E A D  ---------------

Current thread (0x000000000247e800):  JavaThread "main" [_thread_in_native, id=2840, stack(0x0000000002530000,0x0000000002630000)]

siginfo: ExceptionCode=0xc0000005, reading address 0x0000000000000000

Registers:
RAX=0x000007fed48af9b0, RBX=0x000000001bdd4118, RCX=0x0000000000000000, RDX=0x0000000000000000
RSP=0x000000000262f320, RBP=0x000000000262f3e0, RSI=0x00000000000001d8, RDI=0x0000000000000010
R8 =0x000007fef3d9d870, R9 =0x0000000000000000, R10=0x00000000029b0fc0, R11=0x0000000052a0a610
R12=0x0000000000000000, R13=0x000000001bdd4118, R14=0x000000000262f428, R15=0x000000000247e800
RIP=0x000007fef3d9d885, EFLAGS=0x0000000000010202

Top of Stack: (sp=0x000000000262f320)
0x000000000262f320:   000000001bd7dc00 000000000247e800
0x000000000262f330:   000000001bdd4118 00000000000001d8
0x000000000262f340:   000000000262f428 00000000029b0fec
0x000000000262f350:   000000001bdd4118 00000000000001d8
0x000000000262f360:   0000000000000010 00000000029b0a3d
0x000000000262f370:   0000000000000000 000000001bdd4118
0x000000000262f380:   00000000000001d8 000000000247e800
0x000000000262f390:   000000000262f4a0 00000000029b0a02
0x000000000262f3a0:   000000000262f3a0 000000001bdd4118
0x000000000262f3b0:   000000000262f428 000000001bde1f08
0x000000000262f3c0:   0000000000000000 000000001bdd4118
0x000000000262f3d0:   0000000000000000 000000000262f400
0x000000000262f3e0:   000000000262f470 00000000029983fd
0x000000000262f3f0:   000000076ba64e00 00000000029a71b8
0x000000000262f400:   0000000000000000 0000000002997f10
0x000000000262f410:   0000000000000000 000000076b9f7fe0 

Instructions: (pc=0x000007fef3d9d885)
0x000007fef3d9d865:   a0 50 01 00 00 cc cc cc cc cc cc 48 89 5c 24 08
0x000007fef3d9d875:   48 89 74 24 10 48 89 7c 24 18 41 56 48 83 ec 20
0x000007fef3d9d885:   48 8b 19 48 8b f1 48 8d 0d ce fe 00 00 48 8b fa
0x000007fef3d9d895:   ff 15 7d 57 00 00 48 8b ce e8 ad 88 ff ff 48 8b 


Register to memory mapping:

RAX=0x000007fed48af9b0 is an unknown value
RBX={method} {0x000000001bdd4120} 'callPPV' '(JJJ)V' in 'org/lwjgl/system/JNI'
RCX=0x0000000000000000 is an unknown value
RDX=0x0000000000000000 is an unknown value
RSP=0x000000000262f320 is pointing into the stack for thread: 0x000000000247e800
RBP=0x000000000262f3e0 is pointing into the stack for thread: 0x000000000247e800
RSI=0x00000000000001d8 is an unknown value
RDI=0x0000000000000010 is an unknown value
R8 =0x000007fef3d9d870 is an unknown value
R9 =0x0000000000000000 is an unknown value
R10=0x00000000029b0fc0 is at code_begin+1632 in an Interpreter codelet
method entry point (kind = native)  [0x00000000029b0960, 0x00000000029b1980]  4128 bytes
R11=0x0000000052a0a610 is an unknown value
R12=0x0000000000000000 is an unknown value
R13={method} {0x000000001bdd4120} 'callPPV' '(JJJ)V' in 'org/lwjgl/system/JNI'
R14=0x000000000262f428 is pointing into the stack for thread: 0x000000000247e800
R15=0x000000000247e800 is a thread


Stack: [0x0000000002530000,0x0000000002630000],  sp=0x000000000262f320,  free space=1020k
Native frames: (J=compiled Java code, j=interpreted, Vv=VM code, C=native code)
C  [vulkan-1.dll+0xd885]
C  0x00000000029b0fec

Java frames: (J=compiled Java code, j=interpreted, Vv=VM code)
j  org.lwjgl.system.JNI.callPPV(JJJ)V+0
j  org.lwjgl.vulkan.VK10.nvkDestroyInstance(Lorg/lwjgl/vulkan/VkInstance;J)V+30
j  com.wicpar.vulkan.tests.Main.main([Ljava/lang/String;)V+114
v  ~StubRoutines::call_stub

---------------  P R O C E S S  ---------------

Java Threads: ( => current thread )
  0x000000001d6b3000 JavaThread "Service Thread" daemon [_thread_blocked, id=14728, stack(0x000000001e410000,0x000000001e510000)]
  0x000000001d630000 JavaThread "C1 CompilerThread2" daemon [_thread_blocked, id=16340, stack(0x000000001e250000,0x000000001e350000)]
  0x000000001d633800 JavaThread "C2 CompilerThread1" daemon [_thread_blocked, id=22300, stack(0x000000001e0f0000,0x000000001e1f0000)]
  0x000000001d637000 JavaThread "C2 CompilerThread0" daemon [_thread_blocked, id=21832, stack(0x000000001dcb0000,0x000000001ddb0000)]
  0x000000001d62b800 JavaThread "JDWP Command Reader" daemon [_thread_in_native, id=21188, stack(0x000000001dfd0000,0x000000001e0d0000)]
  0x000000001c2df000 JavaThread "JDWP Event Helper Thread" daemon [_thread_blocked, id=22216, stack(0x000000001d3f0000,0x000000001d4f0000)]
  0x000000001d61a800 JavaThread "JDWP Transport Listener: dt_socket" daemon [_thread_blocked, id=21524, stack(0x000000001ded0000,0x000000001dfd0000)]
  0x000000001c2d6800 JavaThread "Attach Listener" daemon [_thread_blocked, id=15916, stack(0x000000001dba0000,0x000000001dca0000)]
  0x000000001c2d5000 JavaThread "Signal Dispatcher" daemon [_thread_blocked, id=17352, stack(0x000000001da20000,0x000000001db20000)]
  0x000000001c2ba800 JavaThread "Finalizer" daemon [_thread_blocked, id=22384, stack(0x000000001d510000,0x000000001d610000)]
  0x000000001c273800 JavaThread "Reference Handler" daemon [_thread_blocked, id=13700, stack(0x000000001d1d0000,0x000000001d2d0000)]
=>0x000000000247e800 JavaThread "main" [_thread_in_native, id=2840, stack(0x0000000002530000,0x0000000002630000)]

Other Threads:
  0x000000001c26b800 VMThread [stack: 0x000000001d2d0000,0x000000001d3d0000] [id=17104]
  0x000000001d6ba000 WatcherThread [stack: 0x000000001e670000,0x000000001e770000] [id=12148]

VM state:not at safepoint (normal execution)

VM Mutex/Monitor currently owned by a thread: None

Heap:
 PSYoungGen      total 76288K, used 7872K [0x000000076b380000, 0x0000000770880000, 0x00000007c0000000)
  eden space 65536K, 12% used [0x000000076b380000,0x000000076bb303e0,0x000000076f380000)
  from space 10752K, 0% used [0x000000076fe00000,0x000000076fe00000,0x0000000770880000)
  to   space 10752K, 0% used [0x000000076f380000,0x000000076f380000,0x000000076fe00000)
 ParOldGen       total 175104K, used 0K [0x00000006c1a00000, 0x00000006cc500000, 0x000000076b380000)
  object space 175104K, 0% used [0x00000006c1a00000,0x00000006c1a00000,0x00000006cc500000)
 Metaspace       used 5666K, capacity 5864K, committed 6144K, reserved 1056768K
  class space    used 616K, capacity 680K, committed 768K, reserved 1048576K

Card table byte_map: [0x0000000011d50000,0x0000000012550000] byte_map_base: 0x000000000e743000

Marking Bits: (ParMarkBitMap*) 0x0000000052ff64f0
 Begin Bits: [0x00000000131b0000, 0x0000000017148000)
 End Bits:   [0x0000000017148000, 0x000000001b0e0000)

Polling page: 0x0000000000250000

CodeCache: size=245760Kb used=2022Kb max_used=2022Kb free=243737Kb
 bounds [0x0000000002990000, 0x0000000002c00000, 0x0000000011990000]
 total_blobs=1030 nmethods=385 adapters=566
 compilation: enabled

Compilation events (10 events):
Event: 16.600 Thread 0x000000001d630000  381       3       java.util.regex.Pattern$Branch::match (66 bytes)
Event: 16.600 Thread 0x000000001d630000 nmethod 381 0x0000000002b88910 code [0x0000000002b88aa0, 0x0000000002b88f98]
Event: 16.600 Thread 0x000000001d630000  382       3       java.util.Arrays::copyOf (46 bytes)
Event: 16.601 Thread 0x000000001d630000 nmethod 382 0x0000000002b891d0 code [0x0000000002b89380, 0x0000000002b89a28]
Event: 16.601 Thread 0x000000001d630000  383       1       sun.util.locale.BaseLocale::getLanguage (5 bytes)
Event: 16.601 Thread 0x000000001d630000 nmethod 383 0x0000000002b838d0 code [0x0000000002b83a20, 0x0000000002b83b30]
Event: 16.611 Thread 0x000000001d630000  384       3       java.lang.String::toString (2 bytes)
Event: 16.611 Thread 0x000000001d630000 nmethod 384 0x0000000002b89c50 code [0x0000000002b89da0, 0x0000000002b89ef0]
Event: 16.613 Thread 0x000000001d630000  385       3       java.lang.ref.SoftReference::get (29 bytes)
Event: 16.614 Thread 0x000000001d630000 nmethod 385 0x0000000002b89f50 code [0x0000000002b8a0a0, 0x0000000002b8a290]

GC Heap History (0 events):
No events

Deoptimization events (0 events):
No events

Internal exceptions (8 events):
Event: 0.091 Thread 0x000000000247e800 Exception <a 'java/lang/NoSuchMethodError': Method sun.misc.Unsafe.defineClass(Ljava/lang/String;[BII)Ljava/lang/Class; name or signature does not match> (0x000000076b387cc0) thrown at [D:\re\workspace\8-2-build-windows-amd64-cygwin\jdk8u92\6642\hotspot\sr>
Event: 0.091 Thread 0x000000000247e800 Exception <a 'java/lang/NoSuchMethodError': Method sun.misc.Unsafe.prefetchRead(Ljava/lang/Object;J)V name or signature does not match> (0x000000076b387fa8) thrown at [D:\re\workspace\8-2-build-windows-amd64-cygwin\jdk8u92\6642\hotspot\src\share\vm\prims\j¼d¯q
@
Event: 3.306 Thread 0x000000000247e800 Exception <a 'java/security/PrivilegedActionException'> (0x000000076b4a4310) thrown at [D:\re\workspace\8-2-build-windows-amd64-cygwin\jdk8u92\6642\hotspot\src\share\vm\prims\jvm.cpp, line 1386]
Event: 3.306 Thread 0x000000000247e800 Exception <a 'java/security/PrivilegedActionException'> (0x000000076b4a4520) thrown at [D:\re\workspace\8-2-build-windows-amd64-cygwin\jdk8u92\6642\hotspot\src\share\vm\prims\jvm.cpp, line 1386]
Event: 3.306 Thread 0x000000000247e800 Exception <a 'java/security/PrivilegedActionException'> (0x000000076b4a8368) thrown at [D:\re\workspace\8-2-build-windows-amd64-cygwin\jdk8u92\6642\hotspot\src\share\vm\prims\jvm.cpp, line 1386]
Event: 3.306 Thread 0x000000000247e800 Exception <a 'java/security/PrivilegedActionException'> (0x000000076b4a8578) thrown at [D:\re\workspace\8-2-build-windows-amd64-cygwin\jdk8u92\6642\hotspot\src\share\vm\prims\jvm.cpp, line 1386]
Event: 3.364 Thread 0x000000000247e800 Exception <a 'java/lang/NoSuchFieldError': method resolution failed> (0x000000076b81f4f8) thrown at [D:\re\workspace\8-2-build-windows-amd64-cygwin\jdk8u92\6642\hotspot\src\share\vm\prims\methodHandles.cpp, line 1146]
Event: 3.366 Thread 0x000000000247e800 Exception <a 'java/lang/NoSuchFieldError': method resolution failed> (0x000000076b82c878) thrown at [D:\re\workspace\8-2-build-windows-amd64-cygwin\jdk8u92\6642\hotspot\src\share\vm\prims\methodHandles.cpp, line 1146]

Events (10 events):
Event: 16.592 Executing VM operation: GetOrSetLocal
Event: 16.592 Executing VM operation: GetOrSetLocal done
Event: 16.592 Executing VM operation: GetOrSetLocal
Event: 16.592 Executing VM operation: GetOrSetLocal done
Event: 16.599 Executing VM operation: ForceSafepoint
Event: 16.599 Executing VM operation: ForceSafepoint done
Event: 16.611 Executing VM operation: ForceSafepoint
Event: 16.611 Executing VM operation: ForceSafepoint done
Event: 16.614 Executing VM operation: ForceSafepoint
Event: 16.614 Executing VM operation: ForceSafepoint done


Dynamic libraries:
0x000000013f430000 - 0x000000013f467000 	C:\Program Files\Java\jdk1.8.0_92\bin\java.exe
0x0000000077030000 - 0x00000000771da000 	C:\Windows\SYSTEM32\ntdll.dll
0x0000000076e10000 - 0x0000000076f2f000 	C:\Windows\system32\kernel32.dll
0x000007fefcdd0000 - 0x000007fefce3a000 	C:\Windows\system32\KERNELBASE.dll
0x000007fefe990000 - 0x000007fefea6b000 	C:\Windows\system32\ADVAPI32.dll
0x000007fefd470000 - 0x000007fefd50f000 	C:\Windows\system32\msvcrt.dll
0x000007fefdb30000 - 0x000007fefdb4f000 	C:\Windows\SYSTEM32\sechost.dll
0x000007fefd6a0000 - 0x000007fefd7cd000 	C:\Windows\system32\RPCRT4.dll
0x0000000076f30000 - 0x000000007702a000 	C:\Windows\system32\USER32.dll
0x000007fefef40000 - 0x000007fefefa7000 	C:\Windows\system32\GDI32.dll
0x000007fefdb50000 - 0x000007fefdb5e000 	C:\Windows\system32\LPK.dll
0x000007fefd7d0000 - 0x000007fefd89a000 	C:\Windows\system32\USP10.dll
0x000007fefb250000 - 0x000007fefb444000 	C:\Windows\WinSxS\amd64_microsoft.windows.common-controls_6595b64144ccf1df_6.0.7601.18837_none_fa3b1e3d17594757\COMCTL32.dll
0x000007fefd8a0000 - 0x000007fefd911000 	C:\Windows\system32\SHLWAPI.dll
0x000007fefef10000 - 0x000007fefef3e000 	C:\Windows\system32\IMM32.DLL
0x000007fefeda0000 - 0x000007fefeea9000 	C:\Windows\system32\MSCTF.dll
0x0000000072fe0000 - 0x0000000073019000 	C:\PROGRA~2\Sophos\SOPHOS~1\SOPHOS~2.DLL
0x0000000077200000 - 0x0000000077207000 	C:\Windows\system32\PSAPI.DLL
0x000000005ae90000 - 0x000000005af62000 	C:\Program Files\Java\jdk1.8.0_92\jre\bin\msvcr100.dll
0x00000000527e0000 - 0x0000000053076000 	C:\Program Files\Java\jdk1.8.0_92\jre\bin\server\jvm.dll
0x000007fef9a20000 - 0x000007fef9a29000 	C:\Windows\system32\WSOCK32.dll
0x000007fefefb0000 - 0x000007fefeffd000 	C:\Windows\system32\WS2_32.dll
0x000007fefd460000 - 0x000007fefd468000 	C:\Windows\system32\NSI.dll
0x000007fefb1c0000 - 0x000007fefb1fb000 	C:\Windows\system32\WINMM.dll
0x000007fefbf30000 - 0x000007fefbf3c000 	C:\Windows\system32\VERSION.dll
0x00000000718b0000 - 0x00000000718bf000 	C:\Program Files\Java\jdk1.8.0_92\jre\bin\verify.dll
0x0000000071880000 - 0x00000000718a9000 	C:\Program Files\Java\jdk1.8.0_92\jre\bin\java.dll
0x000000006ee80000 - 0x000000006eeb5000 	C:\Program Files\Java\jdk1.8.0_92\jre\bin\jdwp.dll
0x00000000723e0000 - 0x00000000723e8000 	C:\Program Files\Java\jdk1.8.0_92\jre\bin\npt.dll
0x000000006f2f0000 - 0x000000006f306000 	C:\Program Files\Java\jdk1.8.0_92\jre\bin\zip.dll
0x000007fefdc00000 - 0x000007fefe989000 	C:\Windows\system32\SHELL32.dll
0x000007fefd920000 - 0x000007fefdb23000 	C:\Windows\system32\ole32.dll
0x000007fefcdb0000 - 0x000007fefcdbf000 	C:\Windows\system32\profapi.dll
0x0000000072350000 - 0x0000000072359000 	C:\Program Files\Java\jdk1.8.0_92\jre\bin\dt_socket.dll
0x000007fefbf40000 - 0x000007fefbf6f000 	C:\ProgramData\Sophos\Web Intelligence\swi_ifslsp_64.dll
0x000007fefc590000 - 0x000007fefc5e5000 	C:\Windows\system32\mswsock.dll
0x000007fefbf10000 - 0x000007fefbf17000 	C:\Windows\System32\wshtcpip.dll
0x000007fed4830000 - 0x000007fed4947000 	C:\Users\badakan2\git\VulkanTest\native\lwjgl.dll
0x000007fef7030000 - 0x000007fef7033000 	C:\Windows\system32\api-ms-win-core-synch-l1-2-0.DLL
0x000007fef3d90000 - 0x000007fef3db2000 	C:\Windows\system32\vulkan-1.dll
0x000007fef9800000 - 0x000007fef98ef000 	C:\Windows\system32\MSVCR120.dll
0x000007fef4140000 - 0x000007fef4265000 	C:\Windows\system32\dbghelp.dll

VM Arguments:
jvm_args: -agentlib:jdwp=transport=dt_socket,address=127.0.0.1:54209,suspend=y,server=n -Dorg.lwjgl.librarypath=native/ -Dorg.lwjgl.util.Debug=true -Dfile.encoding=UTF-8 
java_command: com.wicpar.vulkan.tests.Main
java_class_path (initial): C:\Program Files\Java\jdk1.8.0_92\jre\lib\charsets.jar;C:\Program Files\Java\jdk1.8.0_92\jre\lib\deploy.jar;C:\Program Files\Java\jdk1.8.0_92\jre\lib\ext\access-bridge-64.jar;C:\Program Files\Java\jdk1.8.0_92\jre\lib\ext\cldrdata.jar;C:\Program Files\Java\jdk1.8.0_92\jre\lib\ext\dnsns.jar;C:\Program Files\Java\jdk1.8.0_92\jre\lib\ext\jaccess.jar;C:\Program Files\Java\jdk1.8.0_92\jre\lib\ext\jfxrt.jar;C:\Program Files\Java\jdk1.8.0_92\jre\lib\ext\localedata.jar;C:\Program Files\Java\jdk1.8.0_92\jre\lib\ext\nashorn.jar;C:\Program Files\Java\jdk1.8.0_92\jre\lib\ext\sunec.jar;C:\Program Files\Java\jdk1.8.0_92\jre\lib\ext\sunjce_provider.jar;C:\Program Files\Java\jdk1.8.0_92\jre\lib\ext\sunmscapi.jar;C:\Program Files\Java\jdk1.8.0_92\jre\lib\ext\sunpkcs11.jar;C:\Program Files\Java\jdk1.8.0_92\jre\lib\ext\zipfs.jar;C:\Program Files\Java\jdk1.8.0_92\jre\lib\javaws.jar;C:\Program Files\Java\jdk1.8.0_92\jre\lib\jce.jar;C:\Program Files\Java\jdk1.8.0_92\jre\lib\jfr.jar;C:\Program Files\Java\jdk1.8.0_92\jre\lib\jfxswt.jar;C:\Program Files\Java\jdk1.8.0_92\jre\lib\jsse.jar;C:\Program Files\Java\jdk1.8.0_92\jre\lib\management-agent.jar;C:\Program Files\Java\jdk1.8.0_92\jre\lib\plugin.jar;C:\Program Files\Java\jdk1.8.0_92\jre\lib\resources.jar;C:\Program Files\Java\jdk1.8.0_92\jre\lib\rt.jar;C:\Users\badakan2\git\VulkanTest\out\production\VulkanTest;C:\Users\badakan2\git\VulkanTest\lib\lwjgl-3.0.0.jar;C:\Program Files (x86)\JetBrains\IntelliJ IDEA 2016.1.2\lib\idea_rt.jar
Launcher Type: SUN_STANDARD

Environment Variables:
JAVA_HOME=C:\Program Files\Java\jdk1.8.0_92
PATH=C:\ProgramData\Oracle\Java\javapath;C:\Program Files (x86)\Intel\iCLS Client\;C:\Program Files\Intel\iCLS Client\;C:\Windows\system32;C:\Windows;C:\Windows\System32\Wbem;C:\Windows\System32\WindowsPowerShell\v1.0\;C:\Program Files\Intel\WiFi\bin\;C:\Program Files\Common Files\Intel\WirelessCommon\;C:\Program Files\Intel\Intel(R) Management Engine Components\DAL;C:\Program Files (x86)\Intel\Intel(R) Management Engine Components\DAL;C:\Program Files\Intel\Intel(R) Management Engine Components\IPT;C:\Program Files (x86)\Intel\Intel(R) Management Engine Components\IPT;C:\Program Files (x86)\Skype\Phone\;C:\Program Files\Git\cmd;C:\Program Files\Git\mingw64\bin;C:\Program Files\Git\usr\bin;C:\Program Files\nodejs\;C:\Program Files\apache-maven-3.3.9\bin;C:\Users\badakan2\.babun;C:\Users\badakan2\AppData\Roaming\npm
USERNAME=Frederic Nieto
OS=Windows_NT
PROCESSOR_IDENTIFIER=Intel64 Family 6 Model 61 Stepping 4, GenuineIntel



---------------  S Y S T E M  ---------------

OS: Windows 7 , 64 bit Build 7601 (6.1.7601.23418)

CPU:total 4 (2 cores per cpu, 2 threads per core) family 6 model 61 stepping 4, cmov, cx8, fxsr, mmx, sse, sse2, sse3, ssse3, sse4.1, sse4.2, popcnt, avx, avx2, aes, clmul, erms, rtm, 3dnowpref, lzcnt, ht, tsc, tscinvbit, bmi1, bmi2, adx

Memory: 4k page, physical 16663084k(1990376k free), swap 33324308k(14733704k free)

vm_info: Java HotSpot(TM) 64-Bit Server VM (25.92-b14) for windows-amd64 JRE (1.8.0_92-b14), built on Mar 31 2016 21:03:04 by "java_re" with MS VC++ 10.0 (VS2010)

time: Tue Jun 07 16:47:44 2016
elapsed time: 17 seconds (0d 0h 0m 17s)

